{"pid":4,"shlvl":1,"level":"INFO","dir":"/home/stranger/dotfiles","message":(Not available: python with json required),"trace":["__zplug::log::write::info:2","__zplug::io::file::load:3","/home/stranger/.zsh/zplug/init.zsh:33","/home/stranger/.zshrc:9","zsh:9"],"date":"2018-06-10T00:26:17-0400"}
{"pid":4,"shlvl":1,"level":"INFO","dir":"/home/stranger/dotfiles","message":(Not available: python with json required),"trace":["__zplug::log::write::info:2","__zplug::job::polling::periodic:9","-zsh:10"],"date":"2018-06-10T00:27:23-0400"}
{"pid":2773,"shlvl":1,"level":"INFO","dir":"/home/stranger","message":(Not available: python with json required),"trace":["__zplug::log::write::info:2","__zplug::io::file::load:3","/home/stranger/.zsh/zplug/init.zsh:33","/home/stranger/.zshrc:9","zsh:0"],"date":"2018-06-10T03:20:57-0400"}
{"pid":2773,"shlvl":1,"level":"INFO","dir":"/home/stranger","message":(Not available: python with json required),"trace":["__zplug::log::write::info:2","__zplug::job::polling::periodic:9","-zsh:1"],"date":"2018-06-10T03:21:01-0400"}
{"pid":2773,"shlvl":1,"level":"INFO","dir":"/home/stranger","message":(Not available: python with json required),"trace":["__zplug::log::write::info:2","__zplug::io::file::load:3","/home/stranger/.zsh/zplug/init.zsh:33","/home/stranger/.zshrc:9","zsh:3"],"date":"2018-06-10T03:21:26-0400"}
{"pid":2773,"shlvl":1,"level":"ERROR","dir":"/home/stranger","message":(Not available: python with json required),"trace":["__zplug::log::capture::error:8","__zplug::core::load::as_plugin:48","/home/stranger/.zsh/zplug/cache/defer_2_plugin.zsh:1","__zplug::core::load::from_cache:29","__load__:40","__zplug::core::core::run_interfaces:14","zplug:12","/home/stranger/.zshrc:75","zsh:3"],"date":"2018-06-10T03:21:27-0400"}
{"pid":2773,"shlvl":1,"level":"INFO","dir":"/home/stranger","message":(Not available: python with json required),"trace":["__zplug::log::write::info:2","__zplug::job::polling::periodic:9","-zsh:5"],"date":"2018-06-10T03:21:54-0400"}
{"pid":2773,"shlvl":1,"level":"INFO","dir":"/home/stranger","message":(Not available: python with json required),"trace":["__zplug::log::write::info:2","__zplug::io::file::load:3","/home/stranger/.zsh/zplug/init.zsh:33","/home/stranger/.zshrc:9","zsh:22"],"date":"2018-06-10T03:24:57-0400"}
{"pid":2773,"shlvl":1,"level":"ERROR","dir":"/home/stranger","message":(Not available: python with json required),"trace":["__zplug::log::capture::error:8","__zplug::core::load::as_plugin:48","/home/stranger/.zsh/zplug/cache/defer_2_plugin.zsh:1","__zplug::core::load::from_cache:29","__load__:40","__zplug::core::core::run_interfaces:14","zplug:12","/home/stranger/.zshrc:75","zsh:22"],"date":"2018-06-10T03:24:58-0400"}
{"pid":2773,"shlvl":1,"level":"INFO","dir":"/home/stranger","message":(Not available: python with json required),"trace":["__zplug::log::write::info:2","__zplug::job::polling::periodic:9","-zsh:25"],"date":"2018-06-10T03:25:18-0400"}
{"pid":4,"shlvl":1,"level":"INFO","dir":"/home/stranger","message":(Not available: python with json required),"trace":["__zplug::log::write::info:2","__zplug::io::file::load:3","/home/stranger/.zsh/zplug/init.zsh:33","/home/stranger/.zshrc:9","zsh:0"],"date":"2018-06-10T03:26:59-0400"}
{"pid":4,"shlvl":1,"level":"INFO","dir":"/home/stranger","message":(Not available: python with json required),"trace":["__zplug::log::write::info:2","__zplug::job::polling::periodic:9","-zsh:1"],"date":"2018-06-10T03:27:00-0400"}
{"pid":4,"shlvl":1,"level":"INFO","dir":"/home/stranger","message":(Not available: python with json required),"trace":["__zplug::log::write::info:2","__zplug::io::file::load:3","/home/stranger/.zsh/zplug/init.zsh:33","/home/stranger/.zshrc:9","zsh:0"],"date":"2018-08-25T07:42:10-0400"}
{"pid":4,"shlvl":1,"level":"INFO","dir":"/home/stranger","message":(Not available: python with json required),"trace":["__zplug::log::write::info:2","__zplug::job::polling::periodic:9","-zsh:1"],"date":"2018-08-25T07:42:12-0400"}
{"pid":4,"shlvl":1,"level":"INFO","dir":"/home/stranger","message":(Not available: python with json required),"trace":["__zplug::log::write::info:2","__zplug::io::file::load:3","/home/stranger/.zsh/zplug/init.zsh:33","/home/stranger/.zshrc:9","zsh:0"],"date":"2018-08-25T07:43:47-0400"}
{"pid":4,"shlvl":1,"level":"INFO","dir":"/home/stranger","message":(Not available: python with json required),"trace":["__zplug::log::write::info:2","__zplug::job::polling::periodic:9","-zsh:1"],"date":"2018-08-25T07:44:10-0400"}
{"pid":466,"shlvl":1,"level":"INFO","dir":"/home/stranger","message":(Not available: python with json required),"trace":["__zplug::log::write::info:2","__zplug::io::file::load:3","/home/stranger/.zsh/zplug/init.zsh:33","/home/stranger/.zshrc:9","zsh:0"],"date":"2018-08-26T10:46:44-0400"}
{"pid":466,"shlvl":1,"level":"INFO","dir":"/home/stranger","message":(Not available: python with json required),"trace":["__zplug::log::write::info:2","__zplug::job::polling::periodic:9","-zsh:1"],"date":"2018-08-26T10:46:50-0400"}
{"pid":4,"shlvl":1,"level":"INFO","dir":"/home/stranger","message":(Not available: python with json required),"trace":["__zplug::log::write::info:2","__zplug::io::file::load:3","/home/stranger/.zsh/zplug/init.zsh:33",".zshrc:9","zsh:4"],"date":"2019-04-14T11:34:20-0400"}
{"pid":4,"shlvl":1,"level":"INFO","dir":"/home/stranger","message":(Not available: python with json required),"trace":["__zplug::log::write::info:2","__zplug::job::polling::periodic:9","-zsh:7"],"date":"2019-04-14T11:34:38-0400"}
{"pid":4,"shlvl":1,"level":"INFO","dir":"/home/stranger","message":(Not available: python with json required),"trace":["__zplug::log::write::info:2","__zplug::io::file::load:3","/home/stranger/.zsh/zplug/init.zsh:33","/home/stranger/.zshrc:9","zsh:0"],"date":"2019-04-16T20:26:37-0400"}
{"pid":4,"shlvl":1,"level":"INFO","dir":"/home/stranger","message":(Not available: python with json required),"trace":["__zplug::log::write::info:2","__zplug::job::polling::periodic:9","-zsh:1"],"date":"2019-04-16T20:26:41-0400"}
{"pid":4,"shlvl":1,"level":"INFO","dir":"/home/stranger","message":(Not available: python with json required),"trace":["__zplug::log::write::info:2","__zplug::io::file::load:3","/home/stranger/.zsh/zplug/init.zsh:33","/home/stranger/.zshrc:13","zsh:0"],"date":"2019-04-16T20:32:21-0400"}
{"pid":4,"shlvl":1,"level":"INFO","dir":"/home/stranger","message":(Not available: python with json required),"trace":["__zplug::log::write::info:2","__zplug::job::polling::periodic:9","-zsh:1"],"date":"2019-04-16T20:32:28-0400"}
{"pid":4,"shlvl":1,"level":"ERROR","dir":"/home/stranger/.zsh/zplug/repos/hlissner/zsh-autopair","message":(Not available: python with json required),"trace":["__zplug::log::capture::error:8","__zplug::utils::git::merge:26","__zplug::sources::github::update:9","(eval):1","__zplug::core::sources::use_handler:13","__update__:60","__zplug::core::core::run_interfaces:14","zplug:12","-zsh:4"],"date":"2019-04-16T20:33:03-0400"}
{"pid":4,"shlvl":1,"level":"ERROR","dir":"/home/stranger/.zsh/zplug/repos/arzzen/calc.plugin.zsh","message":(Not available: python with json required),"trace":["__zplug::log::capture::error:8","__zplug::utils::git::merge:26","__zplug::sources::github::update:9","(eval):1","__zplug::core::sources::use_handler:13","__update__:60","__zplug::core::core::run_interfaces:14","zplug:12","-zsh:4"],"date":"2019-04-16T20:33:03-0400"}
{"pid":4,"shlvl":1,"level":"ERROR","dir":"/home/stranger/.zsh/zplug/repos/zplug/zplug","message":(Not available: python with json required),"trace":["__zplug::log::capture::error:8","__zplug::utils::git::merge:26","__zplug::sources::github::update:9","(eval):1","__zplug::core::sources::use_handler:13","__update__:60","__zplug::core::core::run_interfaces:14","zplug:12","-zsh:4"],"date":"2019-04-16T20:33:04-0400"}
{"pid":4,"shlvl":1,"level":"ERROR","dir":"/home/stranger/.zsh/zplug/repos/zdharma/fast-syntax-highlighting","message":(Not available: python with json required),"trace":["__zplug::log::capture::error:8","__zplug::utils::git::merge:26","__zplug::sources::github::update:9","(eval):1","__zplug::core::sources::use_handler:13","__update__:60","__zplug::core::core::run_interfaces:14","zplug:12","-zsh:4"],"date":"2019-04-16T20:33:04-0400"}
{"pid":4,"shlvl":1,"level":"ERROR","dir":"/home/stranger/.zsh/zplug/repos/wting/autojump","message":(Not available: python with json required),"trace":["__zplug::log::capture::error:8","__zplug::utils::git::merge:26","__zplug::sources::github::update:9","(eval):1","__zplug::core::sources::use_handler:13","__update__:60","__zplug::core::core::run_interfaces:14","zplug:12","-zsh:4"],"date":"2019-04-16T20:33:04-0400"}
{"pid":4962,"shlvl":1,"level":"INFO","dir":"/home/stranger","message":(Not available: python with json required),"trace":["__zplug::log::write::info:2","__zplug::io::file::load:3","/home/stranger/.zsh/zplug/init.zsh:33","/home/stranger/.zshrc:13","zsh:0"],"date":"2019-04-16T20:34:15-0400"}
{"pid":4962,"shlvl":1,"level":"INFO","dir":"/home/stranger","message":(Not available: python with json required),"trace":["__zplug::log::write::info:2","__zplug::job::polling::periodic:9","-zsh:1"],"date":"2019-04-16T20:34:18-0400"}
{"pid":4,"shlvl":1,"level":"INFO","dir":"/home/stranger/.zsh/zplug/repos/wting/autojump","message":(Not available: python with json required),"trace":["__zplug::log::write::info:2","__zplug::job::polling::periodic:9","-zsh:5"],"date":"2019-04-16T20:41:51-0400"}
{"pid":4,"shlvl":1,"level":"INFO","dir":"/home/stranger/.zsh/zplug/repos/wting/autojump","message":(Not available: python with json required),"trace":["__zplug::log::write::info:2","__zplug::job::polling::periodic:9","-zsh:7"],"date":"2019-04-16T20:44:10-0400"}
{"pid":24510,"shlvl":1,"level":"INFO","dir":"/home/stranger","message":(Not available: python with json required),"trace":["__zplug::log::write::info:2","__zplug::io::file::load:3","/home/stranger/.zsh/zplug/init.zsh:33","/home/stranger/.zshrc:13","zsh:0"],"date":"2019-04-16T20:44:59-0400"}
{"pid":24510,"shlvl":1,"level":"INFO","dir":"/home/stranger","message":(Not available: python with json required),"trace":["__zplug::log::write::info:2","__zplug::job::polling::periodic:9","-zsh:1"],"date":"2019-04-16T20:45:02-0400"}
{"pid":24783,"shlvl":1,"level":"INFO","dir":"/home/stranger","message":(Not available: python with json required),"trace":["__zplug::log::write::info:2","__zplug::io::file::load:3","/home/stranger/.zsh/zplug/init.zsh:33","/home/stranger/.zshrc:13","zsh:0"],"date":"2019-04-16T20:45:25-0400"}
{"pid":24783,"shlvl":1,"level":"INFO","dir":"/home/stranger","message":(Not available: python with json required),"trace":["__zplug::log::write::info:2","__zplug::job::polling::periodic:9","-zsh:1"],"date":"2019-04-16T20:45:27-0400"}
{"pid":4,"shlvl":1,"level":"INFO","dir":"/home/stranger","message":(Not available: python with json required),"trace":["__zplug::log::write::info:2","__zplug::io::file::load:3","/home/stranger/.zsh/zplug/init.zsh:33","/home/stranger/.zshrc:13","zsh:0"],"date":"2019-04-17T19:31:11-0400"}
{"pid":4,"shlvl":1,"level":"INFO","dir":"/home/stranger","message":(Not available: python with json required),"trace":["__zplug::log::write::info:2","__zplug::job::polling::periodic:9","-zsh:1"],"date":"2019-04-17T19:31:14-0400"}
{"pid":230,"shlvl":1,"level":"INFO","dir":"/home/stranger","message":(Not available: python with json required),"trace":["__zplug::log::write::info:2","__zplug::io::file::load:3","/home/stranger/.zsh/zplug/init.zsh:33","/home/stranger/.zshrc:13","zsh:0"],"date":"2019-04-17T21:58:49-0400"}
{"pid":230,"shlvl":1,"level":"INFO","dir":"/home/stranger","message":(Not available: python with json required),"trace":["__zplug::log::write::info:2","__zplug::job::polling::periodic:9","-zsh:1"],"date":"2019-04-17T21:58:51-0400"}
{"pid":4,"shlvl":1,"level":"INFO","dir":"/home/stranger","message":(Not available: python with json required),"trace":["__zplug::log::write::info:2","__zplug::job::polling::periodic:9","-zsh:2"],"date":"2019-04-17T22:21:23-0400"}
{"pid":4,"shlvl":1,"level":"INFO","dir":"/home/stranger","message":(Not available: python with json required),"trace":["__zplug::log::write::info:2","__zplug::io::file::load:3","/home/stranger/.zsh/zplug/init.zsh:33","/home/stranger/.zshrc:13","zsh:0"],"date":"2019-04-17T22:26:01-0400"}
{"pid":4,"shlvl":1,"level":"INFO","dir":"/home/stranger","message":(Not available: python with json required),"trace":["__zplug::log::write::info:2","__zplug::job::polling::periodic:9","-zsh:1"],"date":"2019-04-17T22:26:03-0400"}
